<?xml version="1.0" encoding="UTF-8"?>
<testng-results ignored="0" total="2" passed="2" failed="0" skipped="0">
  <reporter-output>
  </reporter-output>
  <suite started-at="2022-01-26T15:52:45 IST" name="Default suite" finished-at="2022-01-26T15:53:05 IST" duration-ms="19685">
    <groups>
    </groups>
    <test started-at="2022-01-26T15:52:45 IST" name="Default test" finished-at="2022-01-26T15:53:05 IST" duration-ms="19685">
      <class name="tests.LoginPageTests">
        <test-method is-config="true" signature="startUp()[pri:0, instance:tests.LoginPageTests@323b36e0]" started-at="2022-01-26T15:52:45 IST" name="startUp" finished-at="2022-01-26T15:52:53 IST" duration-ms="8198" status="PASS">
          <reporter-output>
          </reporter-output>
        </test-method> <!-- startUp -->
        <test-method is-config="true" signature="setUp()[pri:0, instance:tests.LoginPageTests@323b36e0]" started-at="2022-01-26T15:52:53 IST" name="setUp" finished-at="2022-01-26T15:52:53 IST" duration-ms="1" status="PASS">
          <reporter-output>
          </reporter-output>
        </test-method> <!-- setUp -->
        <test-method signature="loginTest()[pri:0, instance:tests.LoginPageTests@323b36e0]" started-at="2022-01-26T15:52:54 IST" name="loginTest" finished-at="2022-01-26T15:52:56 IST" duration-ms="2689" status="PASS">
          <reporter-output>
          </reporter-output>
        </test-method> <!-- loginTest -->
        <test-method signature="validLoginTest()[pri:0, instance:tests.LoginPageTests@323b36e0]" started-at="2022-01-26T15:52:56 IST" name="validLoginTest" finished-at="2022-01-26T15:53:04 IST" duration-ms="8015" status="PASS">
          <reporter-output>
          </reporter-output>
        </test-method> <!-- validLoginTest -->
        <test-method is-config="true" signature="KillDriver()[pri:0, instance:tests.LoginPageTests@323b36e0]" started-at="2022-01-26T15:53:04 IST" name="KillDriver" finished-at="2022-01-26T15:53:05 IST" duration-ms="716" status="PASS">
          <reporter-output>
          </reporter-output>
        </test-method> <!-- KillDriver -->
      </class> <!-- tests.LoginPageTests -->
    </test> <!-- Default test -->
  </suite> <!-- Default suite -->
</testng-results>
